#
# A fatal error has been detected by the Java Runtime Environment:
#
#  EXCEPTION_ACCESS_VIOLATION (0xc0000005) at pc=0x00007ffa836872a6, pid=15672, tid=0x00000000000012c0
#
# JRE version: Java(TM) SE Runtime Environment (8.0_201-b09) (build 1.8.0_201-b09)
# Java VM: Java HotSpot(TM) 64-Bit Server VM (25.201-b09 mixed mode windows-amd64 compressed oops)
# Problematic frame:
# C  [ntdll.dll+0x72a6]
#
# Failed to write core dump. Minidumps are not enabled by default on client versions of Windows
#
# If you would like to submit a bug report, please visit:
#   http://bugreport.java.com/bugreport/crash.jsp
# The crash happened outside the Java Virtual Machine in native code.
# See problematic frame for where to report the bug.
#

---------------  T H R E A D  ---------------

Current thread (0x0000000019670000):  JavaThread "Thread-0" [_thread_in_native, id=4800, stack(0x000000001b1d0000,0x000000001b2d0000)]

siginfo: ExceptionCode=0xc0000005, writing address 0x0000000000000024

Registers:
RAX=0x0000000000000000, RBX=0x0000000001084b88, RCX=0x0000000001084b88, RDX=0x00000000fffffffa
RSP=0x000000001b2cec20, RBP=0x0000000000010000, RSI=0x0000000000000000, RDI=0x0000000000000000
R8 =0x0000000000000000, R9 =0x0000000001084b00, R10=0x0001d17e7cba1849, R11=0x0001d17e7cba1609
R12=0x0000000000000000, R13=0x0000000000d2c000, R14=0x0000000000000001, R15=0x0000000000000000
RIP=0x00007ffa836872a6, EFLAGS=0x0000000000010213

Top of Stack: (sp=0x000000001b2cec20)
0x000000001b2cec20:   ffffffffffffffff 0000000001084b88
0x000000001b2cec30:   0000000000000000 00000000000001c0
0x000000001b2cec40:   0000000000000015 000000001b2cebf8
0x000000001b2cec50:   000000001b2cec39 0000000800000005
0x000000001b2cec60:   0000000000000000 00000000fffffffa
0x000000001b2cec70:   0000000000d2c000 0000000000000000
0x000000001b2cec80:   0000000000000058 0000000019670000
0x000000001b2cec90:   000000001b2cef20 0000000017aab460
0x000000001b2ceca0:   0000000000000000 00000000196701f8
0x000000001b2cecb0:   0000d38dba740ab9 0000000019670000
0x000000001b2cecc0:   0000000019670000 0000000000000001
0x000000001b2cecd0:   0000000000000001 0000000000000001
0x000000001b2cece0:   0000000000000000 0000000001084b88
0x000000001b2cecf0:   0000000000010000 00007ffa8369b576
0x000000001b2ced00:   0000000000000000 000000000000000e
0x000000001b2ced10:   00000000fffffffa 000000006453e972 

Instructions: (pc=0x00007ffa836872a6)
0x00007ffa83687286:   48 39 73 18 0f 84 d1 00 00 00 48 8b 03 48 83 f8
0x00007ffa83687296:   ff 0f 84 d1 00 00 00 44 8b fe 48 83 f8 ff 74 03
0x00007ffa836872a6:   ff 40 24 4c 8b 73 18 4c 8d 2d 44 82 15 00 bd 22
0x00007ffa836872b6:   17 00 00 e8 72 89 03 00 85 c0 0f 85 5e 0b 0a 00 


Register to memory mapping:

RAX=0x0000000000000000 is an unknown value
RBX=0x0000000001084b88 is an unknown value
RCX=0x0000000001084b88 is an unknown value
RDX=0x00000000fffffffa is an unallocated location in the heap
RSP=0x000000001b2cec20 is pointing into the stack for thread: 0x0000000019670000
RBP=0x0000000000010000 is an unknown value
RSI=0x0000000000000000 is an unknown value
RDI=0x0000000000000000 is an unknown value
R8 =0x0000000000000000 is an unknown value
R9 =0x0000000001084b00 is an unknown value
R10=0x0001d17e7cba1849 is an unknown value
R11=0x0001d17e7cba1609 is an unknown value
R12=0x0000000000000000 is an unknown value
R13=0x0000000000d2c000 is an unknown value
R14=0x0000000000000001 is an unknown value
R15=0x0000000000000000 is an unknown value


Stack: [0x000000001b1d0000,0x000000001b2d0000],  sp=0x000000001b2cec20,  free space=1019k
Native frames: (J=compiled Java code, j=interpreted, Vv=VM code, C=native code)
C  [ntdll.dll+0x72a6]
C  [ntdll.dll+0x1b576]
C  [ntdll.dll+0x1b3c0]
C  0x00007ffa7887fe56

Java frames: (J=compiled Java code, j=interpreted, Vv=VM code)
j  sun.java2d.d3d.D3DSurfaceData.initOps(III)V+0
j  sun.java2d.d3d.D3DSurfaceData.<init>(Lsun/awt/windows/WComponentPeer;Lsun/java2d/d3d/D3DGraphicsConfig;IILjava/awt/Image;Ljava/awt/image/ColorModel;IILsun/java2d/pipe/hw/ExtendedBufferCapabilities$VSyncType;I)V+76
j  sun.java2d.d3d.D3DSurfaceData.createData(Lsun/awt/windows/WComponentPeer;Ljava/awt/Image;)Lsun/java2d/d3d/D3DSurfaceData;+117
j  sun.java2d.d3d.D3DVolatileSurfaceManager.initAcceleratedSurface()Lsun/java2d/SurfaceData;+59
j  sun.java2d.d3d.D3DVolatileSurfaceManager.restoreAcceleratedSurface()V+62
j  sun.awt.image.VolatileSurfaceManager.validate(Ljava/awt/GraphicsConfiguration;)I+94
j  sun.awt.image.SunVolatileImage.validate(Ljava/awt/GraphicsConfiguration;)I+5
j  java.awt.Component$FlipBufferStrategy.revalidate(Z)V+82
j  java.awt.Component$FlipBufferStrategy.revalidate()V+2
j  java.awt.Component$FlipBufferStrategy.getDrawGraphics()Ljava/awt/Graphics;+1
j  main.Game.render()V+38
J 582% C2 main.Game.run()V (132 bytes) @ 0x0000000002f20be0 [0x0000000002f20a80+0x160]
j  java.lang.Thread.run()V+11
v  ~StubRoutines::call_stub

---------------  P R O C E S S  ---------------

Java Threads: ( => current thread )
  0x000000001b562800 JavaThread "Thread-1" daemon [_thread_in_native, id=5544, stack(0x0000000026410000,0x0000000026510000)]
  0x000000001b4d1000 JavaThread "AWT-EventQueue-0" [_thread_blocked, id=10852, stack(0x0000000025600000,0x0000000025700000)]
  0x000000001b4a5800 JavaThread "AWT-Shutdown" [_thread_blocked, id=16404, stack(0x000000001bde0000,0x000000001bee0000)]
  0x000000001b4a2800 JavaThread "Java2D Disposer" daemon [_thread_blocked, id=17244, stack(0x000000001bc10000,0x000000001bd10000)]
  0x0000000002bdd800 JavaThread "DestroyJavaVM" [_thread_blocked, id=14744, stack(0x0000000002a60000,0x0000000002b60000)]
=>0x0000000019670000 JavaThread "Thread-0" [_thread_in_native, id=4800, stack(0x000000001b1d0000,0x000000001b2d0000)]
  0x000000001961c800 JavaThread "Service Thread" daemon [_thread_blocked, id=7820, stack(0x000000001afd0000,0x000000001b0d0000)]
  0x00000000195e7800 JavaThread "C1 CompilerThread3" daemon [_thread_blocked, id=976, stack(0x000000001aed0000,0x000000001afd0000)]
  0x00000000195a8000 JavaThread "C2 CompilerThread2" daemon [_thread_blocked, id=15472, stack(0x000000001add0000,0x000000001aed0000)]
  0x000000001958a800 JavaThread "C2 CompilerThread1" daemon [_thread_blocked, id=11636, stack(0x000000001acd0000,0x000000001add0000)]
  0x0000000019581000 JavaThread "C2 CompilerThread0" daemon [_thread_blocked, id=16552, stack(0x000000001abd0000,0x000000001acd0000)]
  0x000000001957a000 JavaThread "Attach Listener" daemon [_thread_blocked, id=7616, stack(0x000000001aad0000,0x000000001abd0000)]
  0x0000000019579000 JavaThread "Signal Dispatcher" daemon [_thread_blocked, id=13324, stack(0x000000001a9d0000,0x000000001aad0000)]
  0x0000000019573000 JavaThread "Finalizer" daemon [_thread_blocked, id=13012, stack(0x000000001a7d0000,0x000000001a8d0000)]
  0x0000000002cd9000 JavaThread "Reference Handler" daemon [_thread_blocked, id=4620, stack(0x000000001a6d0000,0x000000001a7d0000)]

Other Threads:
  0x0000000017ea6800 VMThread [stack: 0x000000001a5d0000,0x000000001a6d0000] [id=5240]
  0x000000001961f800 WatcherThread [stack: 0x000000001b0d0000,0x000000001b1d0000] [id=15324]

VM state:not at safepoint (normal execution)

VM Mutex/Monitor currently owned by a thread: None

heap address: 0x0000000081200000, size: 2030 MB, Compressed Oops mode: 32-bit
Narrow klass base: 0x0000000000000000, Narrow klass shift: 3
Compressed class space size: 1073741824 Address: 0x0000000100000000

Heap:
 PSYoungGen      total 38400K, used 16091K [0x00000000d5b80000, 0x00000000d8600000, 0x0000000100000000)
  eden space 33280K, 48% used [0x00000000d5b80000,0x00000000d6b36e68,0x00000000d7c00000)
  from space 5120K, 0% used [0x00000000d8100000,0x00000000d8100000,0x00000000d8600000)
  to   space 5120K, 0% used [0x00000000d7c00000,0x00000000d7c00000,0x00000000d8100000)
 ParOldGen       total 87552K, used 0K [0x0000000081200000, 0x0000000086780000, 0x00000000d5b80000)
  object space 87552K, 0% used [0x0000000081200000,0x0000000081200000,0x0000000086780000)
 Metaspace       used 9765K, capacity 9914K, committed 9984K, reserved 1058816K
  class space    used 1190K, capacity 1256K, committed 1280K, reserved 1048576K

Card table byte_map: [0x00000000120a0000,0x00000000124a0000] byte_map_base: 0x0000000011c97000

Marking Bits: (ParMarkBitMap*) 0x0000000064b44ce0
 Begin Bits: [0x0000000013150000, 0x0000000015108000)
 End Bits:   [0x0000000015108000, 0x00000000170c0000)

Polling page: 0x0000000000fd0000

CodeCache: size=245760Kb used=2445Kb max_used=2445Kb free=243314Kb
 bounds [0x0000000002ce0000, 0x0000000002f50000, 0x0000000011ce0000]
 total_blobs=1142 nmethods=664 adapters=392
 compilation: enabled

Compilation events (10 events):
Event: 2.742 Thread 0x00000000195e7800  655       1       java.awt.Component::getBufferStrategy (5 bytes)
Event: 2.742 Thread 0x00000000195e7800 nmethod 655 0x0000000002f42810 code [0x0000000002f42960, 0x0000000002f42a70]
Event: 2.756 Thread 0x00000000195e7800  661       3       java.awt.Component$FlipBufferStrategy::getBackBuffer (33 bytes)
Event: 2.756 Thread 0x00000000195e7800 nmethod 661 0x0000000002f42ad0 code [0x0000000002f42c60, 0x0000000002f42f78]
Event: 2.756 Thread 0x00000000195e7800  664   !   3       sun.nio.cs.StreamEncoder::write (78 bytes)
Event: 2.757 Thread 0x00000000195e7800 nmethod 664 0x0000000002f43090 code [0x0000000002f43260, 0x0000000002f43948]
Event: 2.757 Thread 0x00000000195e7800  662  s    3       sun.awt.windows.WComponentPeer::getBackBuffer (21 bytes)
Event: 2.757 Thread 0x00000000195e7800 nmethod 662 0x0000000002f43d90 code [0x0000000002f43f00, 0x0000000002f442c8]
Event: 2.757 Thread 0x00000000195e7800  663       1       entities.Entity::getDirection (5 bytes)
Event: 2.757 Thread 0x00000000195e7800 nmethod 663 0x0000000002f443d0 code [0x0000000002f44520, 0x0000000002f44630]

GC Heap History (0 events):
No events

Deoptimization events (3 events):
Event: 0.576 Thread 0x0000000019670000 Uncommon trap: reason=unstable_if action=reinterpret pc=0x0000000002ecad24 method=sun.awt.image.ByteInterleavedRaster.putByteData(IIII[B)V @ 395
Event: 0.623 Thread 0x0000000019670000 Uncommon trap: reason=unstable_if action=reinterpret pc=0x0000000002ef2f44 method=main.Game.run()V @ 66
Event: 1.607 Thread 0x0000000019670000 Uncommon trap: reason=unstable_if action=reinterpret pc=0x0000000002ef2964 method=main.Game.run()V @ 92

Classes redefined (0 events):
No events

Internal exceptions (10 events):
Event: 0.029 Thread 0x0000000002bdd800 Exception <a 'java/lang/NoSuchMethodError': Method sun.misc.Unsafe.defineClass(Ljava/lang/String;[BII)Ljava/lang/Class; name or signature does not match> (0x00000000d5b87cb0) thrown at [C:\re\workspace\8-2-build-windows-amd64-cygwin\jdk8u201\12322\hotspot
Event: 0.029 Thread 0x0000000002bdd800 Exception <a 'java/lang/NoSuchMethodError': Method sun.misc.Unsafe.prefetchRead(Ljava/lang/Object;J)V name or signature does not match> (0x00000000d5b87f98) thrown at [C:\re\workspace\8-2-build-windows-amd64-cygwin\jdk8u201\12322\hotspot\src\share\vm\prim
Event: 0.093 Thread 0x0000000019670000 Exception <a 'java/security/PrivilegedActionException'> (0x00000000d5d8c498) thrown at [C:\re\workspace\8-2-build-windows-amd64-cygwin\jdk8u201\12322\hotspot\src\share\vm\prims\jvm.cpp, line 1502]
Event: 0.093 Thread 0x0000000019670000 Exception <a 'java/security/PrivilegedActionException'> (0x00000000d5d8c6a8) thrown at [C:\re\workspace\8-2-build-windows-amd64-cygwin\jdk8u201\12322\hotspot\src\share\vm\prims\jvm.cpp, line 1502]
Event: 0.094 Thread 0x0000000019670000 Exception <a 'java/security/PrivilegedActionException'> (0x00000000d5d90318) thrown at [C:\re\workspace\8-2-build-windows-amd64-cygwin\jdk8u201\12322\hotspot\src\share\vm\prims\jvm.cpp, line 1502]
Event: 0.094 Thread 0x0000000019670000 Exception <a 'java/security/PrivilegedActionException'> (0x00000000d5d90528) thrown at [C:\re\workspace\8-2-build-windows-amd64-cygwin\jdk8u201\12322\hotspot\src\share\vm\prims\jvm.cpp, line 1502]
Event: 0.105 Thread 0x0000000019670000 Exception <a 'java/io/FileNotFoundException'> (0x00000000d5d9afa8) thrown at [C:\re\workspace\8-2-build-windows-amd64-cygwin\jdk8u201\12322\hotspot\src\share\vm\prims\jni.cpp, line 709]
Event: 0.133 Thread 0x0000000019670000 Exception <a 'java/lang/NoSuchFieldError': method resolution failed> (0x00000000d5e6bb68) thrown at [C:\re\workspace\8-2-build-windows-amd64-cygwin\jdk8u201\12322\hotspot\src\share\vm\prims\methodHandles.cpp, line 1167]
Event: 0.134 Thread 0x0000000019670000 Exception <a 'java/lang/NoSuchFieldError': method resolution failed> (0x00000000d5e78f38) thrown at [C:\re\workspace\8-2-build-windows-amd64-cygwin\jdk8u201\12322\hotspot\src\share\vm\prims\methodHandles.cpp, line 1167]
Event: 0.167 Thread 0x0000000019670000 Exception <a 'java/io/FileNotFoundException'> (0x00000000d5f11ce0) thrown at [C:\re\workspace\8-2-build-windows-amd64-cygwin\jdk8u201\12322\hotspot\src\share\vm\prims\jni.cpp, line 709]

Events (10 events):
Event: 2.779 Thread 0x000000001b52a000 Thread exited: 0x000000001b52a000
Event: 2.779 Thread 0x000000001b55b800 Thread added: 0x000000001b55b800
Event: 2.779 Thread 0x000000001b55e000 Thread exited: 0x000000001b55e000
Event: 2.779 loading class java/util/WeakHashMap$KeyIterator
Event: 2.779 loading class java/util/WeakHashMap$HashIterator
Event: 2.779 loading class sun/java2d/pipe/hw/AccelDeviceEventNotifier
Event: 2.780 loading class java/util/WeakHashMap$HashIterator done
Event: 2.780 loading class java/util/WeakHashMap$KeyIterator done
Event: 2.780 loading class sun/java2d/pipe/hw/AccelDeviceEventNotifier done
Event: 2.780 Thread 0x000000001b55b800 Thread exited: 0x000000001b55b800


Dynamic libraries:
0x00007ff7e0840000 - 0x00007ff7e0877000 	C:\Program Files\Java\jre1.8.0_201\bin\javaw.exe
0x00007ffa83680000 - 0x00007ffa83870000 	C:\WINDOWS\SYSTEM32\ntdll.dll
0x00007ffa64ff0000 - 0x00007ffa65005000 	C:\Program Files\AVAST Software\Avast\aswhook.dll
0x00007ffa81860000 - 0x00007ffa81912000 	C:\WINDOWS\System32\KERNEL32.DLL
0x00007ffa81480000 - 0x00007ffa81723000 	C:\WINDOWS\System32\KERNELBASE.dll
0x00007ffa83490000 - 0x00007ffa83533000 	C:\WINDOWS\System32\ADVAPI32.dll
0x00007ffa835a0000 - 0x00007ffa8363e000 	C:\WINDOWS\System32\msvcrt.dll
0x00007ffa81a70000 - 0x00007ffa81b07000 	C:\WINDOWS\System32\sechost.dll
0x00007ffa828c0000 - 0x00007ffa829e0000 	C:\WINDOWS\System32\RPCRT4.dll
0x00007ffa81c50000 - 0x00007ffa81de4000 	C:\WINDOWS\System32\USER32.dll
0x00007ffa81250000 - 0x00007ffa81271000 	C:\WINDOWS\System32\win32u.dll
0x00007ffa81920000 - 0x00007ffa81946000 	C:\WINDOWS\System32\GDI32.dll
0x00007ffa807b0000 - 0x00007ffa80944000 	C:\WINDOWS\System32\gdi32full.dll
0x00007ffa81280000 - 0x00007ffa8131e000 	C:\WINDOWS\System32\msvcp_win.dll
0x00007ffa81380000 - 0x00007ffa8147a000 	C:\WINDOWS\System32\ucrtbase.dll
0x00007ffa692f0000 - 0x00007ffa69575000 	C:\WINDOWS\WinSxS\amd64_microsoft.windows.common-controls_6595b64144ccf1df_6.0.18362.778_none_e6c6b761130d4fb8\COMCTL32.dll
0x00007ffa82390000 - 0x00007ffa826c6000 	C:\WINDOWS\System32\combase.dll
0x00007ffa80950000 - 0x00007ffa809d0000 	C:\WINDOWS\System32\bcryptPrimitives.dll
0x00007ffa83570000 - 0x00007ffa8359e000 	C:\WINDOWS\System32\IMM32.DLL
0x0000000064160000 - 0x0000000064231000 	C:\Program Files\Java\jre1.8.0_201\bin\msvcr100.dll
0x0000000064320000 - 0x0000000064bc4000 	C:\Program Files\Java\jre1.8.0_201\bin\server\jvm.dll
0x00007ffa83540000 - 0x00007ffa83548000 	C:\WINDOWS\System32\PSAPI.DLL
0x00007ffa792a0000 - 0x00007ffa792a9000 	C:\WINDOWS\SYSTEM32\WSOCK32.dll
0x00007ffa81a00000 - 0x00007ffa81a6f000 	C:\WINDOWS\System32\WS2_32.dll
0x00007ffa7e4c0000 - 0x00007ffa7e4e4000 	C:\WINDOWS\SYSTEM32\WINMM.dll
0x00007ffa79730000 - 0x00007ffa7973a000 	C:\WINDOWS\SYSTEM32\VERSION.dll
0x00007ffa7e3b0000 - 0x00007ffa7e3dd000 	C:\WINDOWS\SYSTEM32\WINMMBASE.dll
0x00007ffa80a80000 - 0x00007ffa80aca000 	C:\WINDOWS\System32\cfgmgr32.dll
0x00007ffa797e0000 - 0x00007ffa797ef000 	C:\Program Files\Java\jre1.8.0_201\bin\verify.dll
0x00007ffa78ec0000 - 0x00007ffa78ee9000 	C:\Program Files\Java\jre1.8.0_201\bin\java.dll
0x00007ffa79050000 - 0x00007ffa79066000 	C:\Program Files\Java\jre1.8.0_201\bin\zip.dll
0x00007ffa82da0000 - 0x00007ffa83485000 	C:\WINDOWS\System32\SHELL32.dll
0x00007ffa81950000 - 0x00007ffa819f9000 	C:\WINDOWS\System32\shcore.dll
0x00007ffa80ad0000 - 0x00007ffa81250000 	C:\WINDOWS\System32\windows.storage.dll
0x00007ffa805e0000 - 0x00007ffa80603000 	C:\WINDOWS\System32\profapi.dll
0x00007ffa80590000 - 0x00007ffa805da000 	C:\WINDOWS\System32\powrprof.dll
0x00007ffa80540000 - 0x00007ffa80550000 	C:\WINDOWS\System32\UMPDC.dll
0x00007ffa81730000 - 0x00007ffa81782000 	C:\WINDOWS\System32\shlwapi.dll
0x00007ffa80550000 - 0x00007ffa80561000 	C:\WINDOWS\System32\kernel.appcore.dll
0x00007ffa80610000 - 0x00007ffa80627000 	C:\WINDOWS\System32\cryptsp.dll
0x00007ffa74010000 - 0x00007ffa741a9000 	C:\Program Files\Java\jre1.8.0_201\bin\awt.dll
0x00007ffa81e50000 - 0x00007ffa81f14000 	C:\WINDOWS\System32\OLEAUT32.dll
0x00007ffa7e770000 - 0x00007ffa7e7ff000 	C:\WINDOWS\SYSTEM32\apphelp.dll
0x00007ffa7ece0000 - 0x00007ffa7ed0d000 	C:\WINDOWS\system32\DWMAPI.DLL
0x00007ffa7e8c0000 - 0x00007ffa7e959000 	C:\WINDOWS\system32\uxtheme.dll
0x00007ffa4d350000 - 0x00007ffa4d4a6000 	C:\WINDOWS\system32\opengl32.dll
0x00007ffa50240000 - 0x00007ffa5026c000 	C:\WINDOWS\SYSTEM32\GLU32.dll
0x00007ffa7f1b0000 - 0x00007ffa7f1d0000 	C:\WINDOWS\SYSTEM32\dxcore.dll
0x00007ffa81b10000 - 0x00007ffa81c46000 	C:\WINDOWS\System32\MSCTF.dll
0x00007ffa82760000 - 0x00007ffa828b7000 	C:\WINDOWS\System32\ole32.dll
0x00007ffa80660000 - 0x00007ffa807a9000 	C:\WINDOWS\System32\crypt32.dll
0x00007ffa80570000 - 0x00007ffa80582000 	C:\WINDOWS\System32\MSASN1.dll
0x00007ffa81320000 - 0x00007ffa8137c000 	C:\WINDOWS\System32\WINTRUST.DLL
0x00007ffa83550000 - 0x00007ffa8356d000 	C:\WINDOWS\System32\imagehlp.dll
0x00007ffa7f8c0000 - 0x00007ffa7f8f3000 	C:\WINDOWS\system32\rsaenh.dll
0x00007ffa80630000 - 0x00007ffa80656000 	C:\WINDOWS\System32\bcrypt.dll
0x00007ffa7ff20000 - 0x00007ffa7ff2c000 	C:\WINDOWS\SYSTEM32\CRYPTBASE.dll
0x00007ffa60180000 - 0x00007ffa60432000 	C:\WINDOWS\system32\nvspcap64.dll
0x00007ffa7f5a0000 - 0x00007ffa7f5d1000 	C:\WINDOWS\SYSTEM32\ntmarta.dll
0x00007ffa7f160000 - 0x00007ffa7f182000 	C:\WINDOWS\SYSTEM32\gpapi.dll
0x00007ffa769e0000 - 0x00007ffa76a0f000 	C:\WINDOWS\SYSTEM32\cryptnet.dll
0x00007ffa77260000 - 0x00007ffa772a7000 	C:\Program Files\Java\jre1.8.0_201\bin\fontmanager.dll
0x00007ffa74bc0000 - 0x00007ffa74c5e000 	C:\WINDOWS\System32\TextInputFramework.dll
0x00007ffa7b090000 - 0x00007ffa7b3ba000 	C:\WINDOWS\System32\CoreUIComponents.dll
0x00007ffa7e3e0000 - 0x00007ffa7e4b4000 	C:\WINDOWS\System32\CoreMessaging.dll
0x00007ffa7c760000 - 0x00007ffa7c8b3000 	C:\WINDOWS\SYSTEM32\wintypes.dll
0x00007ffa80430000 - 0x00007ffa80455000 	C:\WINDOWS\SYSTEM32\USERENV.dll
0x00007ffa736c0000 - 0x00007ffa73966000 	C:\WINDOWS\System32\iertutil.dll
0x00007ffa82b30000 - 0x00007ffa82bd2000 	C:\WINDOWS\System32\clbcatq.dll
0x00007ffa78f00000 - 0x00007ffa78f1a000 	C:\Program Files\Java\jre1.8.0_201\bin\net.dll
0x00007ffa733c0000 - 0x00007ffa73595000 	C:\WINDOWS\SYSTEM32\urlmon.dll
0x00007ffa7fd50000 - 0x00007ffa7fdb7000 	C:\WINDOWS\system32\mswsock.dll
0x00007ffa7fa60000 - 0x00007ffa7fa9a000 	C:\WINDOWS\SYSTEM32\IPHLPAPI.DLL
0x00007ffa82be0000 - 0x00007ffa82be8000 	C:\WINDOWS\System32\NSI.dll
0x00007ffa7c0d0000 - 0x00007ffa7c0e6000 	C:\WINDOWS\SYSTEM32\dhcpcsvc6.DLL
0x00007ffa7bff0000 - 0x00007ffa7c00c000 	C:\WINDOWS\SYSTEM32\dhcpcsvc.DLL
0x00007ffa7faa0000 - 0x00007ffa7fb6a000 	C:\WINDOWS\SYSTEM32\DNSAPI.dll
0x00007ffa78dc0000 - 0x00007ffa78dd1000 	C:\Program Files\Java\jre1.8.0_201\bin\nio.dll
0x00007ffa77f50000 - 0x00007ffa77f81000 	C:\Program Files\Java\jre1.8.0_201\bin\jpeg.dll
0x00007ffa76350000 - 0x00007ffa76544000 	C:\WINDOWS\SYSTEM32\dbghelp.dll

VM Arguments:
jvm_args: -Dfile.encoding=Cp1250 
java_command: main.Launcher
java_class_path (initial): C:\Users\domca\eclipse-workspace2\Hra\bin;C:\Users\domca\eclipse-workspace2\Hra\res
Launcher Type: SUN_STANDARD

Environment Variables:
PATH=C:/Program Files/Java/jre1.8.0_201/bin/server;C:/Program Files/Java/jre1.8.0_201/bin;C:/Program Files/Java/jre1.8.0_201/lib/amd64;C:\Program Files (x86)\Common Files\Oracle\Java\javapath;C:\Program Files (x86)\NVIDIA Corporation\PhysX\Common;C:\Windows\system32;C:\Windows;C:\Windows\System32\Wbem;C:\Windows\System32\WindowsPowerShell\v1.0\;C:\Windows\System32\OpenSSH\;;C:\Program Files\NVIDIA Corporation\NVIDIA NvDLISR;%SystemRoot%\system32;%SystemRoot%;%SystemRoot%\System32\Wbem;%SYSTEMROOT%\System32\WindowsPowerShell\v1.0\;%SYSTEMROOT%\System32\OpenSSH\;C:\Users\domca\AppData\Local\Microsoft\WindowsApps;;C:\WINDOWS\System32;
USERNAME=domca
OS=Windows_NT
PROCESSOR_IDENTIFIER=AMD64 Family 23 Model 1 Stepping 1, AuthenticAMD



---------------  S Y S T E M  ---------------

OS: Windows 10.0 , 64 bit Build 18362 (10.0.18362.778)

CPU:total 12 (initial active 12) (12 cores per cpu, 1 threads per core) family 23 model 1 stepping 1, cmov, cx8, fxsr, mmx, sse, sse2, sse3, ssse3, sse4.1, sse4.2, popcnt, avx, avx2, aes, clmul, mmxext, 3dnowpref, lzcnt, sse4a, tsc, tscinvbit, tscinv, bmi1

Memory: 4k page, physical 8313284k(2306196k free), swap 17750468k(6758908k free)

vm_info: Java HotSpot(TM) 64-Bit Server VM (25.201-b09) for windows-amd64 JRE (1.8.0_201-b09), built on Dec 15 2018 18:36:39 by "java_re" with MS VC++ 10.0 (VS2010)

time: Sat Apr 18 22:12:55 2020
timezone: Støední Evropa (letní èas)
elapsed time: 2 seconds (0d 0h 0m 2s)

